<?xml version="1.0" encoding="UTF-8"?>
<!-- Generated by org.testng.reporters.JUnitReportReporter -->
<testsuite hostname="DESKTOP-EJDNI8E" failures="0" tests="5" name="runners.TestRunner" time="75.996" errors="0" timestamp="2025-06-29T19:09:30 IST" skipped="0">
  <testcase classname="runners.TestRunner" name="runScenario" time="13.238"/>
  <system-out/>
  <testcase classname="runners.TestRunner" name="runScenario" time="16.309"/>
  <system-out/>
  <testcase classname="runners.TestRunner" name="runScenario" time="14.012"/>
  <system-out/>
  <testcase classname="runners.TestRunner" name="runScenario" time="13.910"/>
  <system-out/>
  <testcase classname="runners.TestRunner" name="runScenario" time="18.527"/>
  <system-out/>
</testsuite> <!-- runners.TestRunner -->
